<?xml version="1.0" encoding="UTF-8"?>
<!-- Generated by org.testng.reporters.JUnitXMLReporter -->
<testsuite ignored="20" hostname="LAPTOP-8GD78RI5" failures="1" tests="1" name="Default test(failed)" time="29.974" errors="0" timestamp="2023-10-26T15:37:38 IST">
  <testcase classname="com.Tests.HomePageTests" name="ValidateProfileAboutFuctionality" time="17.467">
    <failure type="org.openqa.selenium.NoSuchElementException" message="no such element: Unable to locate element: {&amp;quot;method&amp;quot;:&amp;quot;xpath&amp;quot;,&amp;quot;selector&amp;quot;:&amp;quot;//div/p[text()=&amp;apos;OrangeHRM&amp;apos;]&amp;quot;}
  (Session info: chrome=118.0.5993.117)
For documentation on this error, please visit: https://www.selenium.dev/documentation/webdriver/troubleshooting/errors#no-such-element-exception
Build info: version: &amp;apos;4.14.0&amp;apos;, revision: &amp;apos;e5a96349ce&amp;apos;
System info: os.name: &amp;apos;Windows 11&amp;apos;, os.arch: &amp;apos;amd64&amp;apos;, os.version: &amp;apos;10.0&amp;apos;, java.version: &amp;apos;17.0.6&amp;apos;
Driver info: org.openqa.selenium.chrome.ChromeDriver
Command: [159657e272f5f1056993931c6873847b, findElement {using=xpath, value=//div/p[text()=&amp;apos;OrangeHRM&amp;apos;]}]
Capabilities {acceptInsecureCerts: false, browserName: chrome, browserVersion: 118.0.5993.117, chrome: {chromedriverVersion: 118.0.5993.70 (e52f33f30b91..., userDataDir: C:\Users\hp\AppData\Local\T...}, fedcm:accounts: true, goog:chromeOptions: {debuggerAddress: localhost:64246}, networkConnectionEnabled: false, pageLoadStrategy: normal, platformName: windows, proxy: Proxy(), se:cdp: ws://localhost:64246/devtoo..., se:cdpVersion: 118.0.5993.117, setWindowRect: true, strictFileInteractability: false, timeouts: {implicit: 0, pageLoad: 300000, script: 30000}, unhandledPromptBehavior: dismiss and notify, webauthn:extension:credBlob: true, webauthn:extension:largeBlob: true, webauthn:extension:minPinLength: true, webauthn:extension:prf: true, webauthn:virtualAuthenticators: true}
Session ID: 159657e272f5f1056993931c6873847b">
      <![CDATA[org.openqa.selenium.NoSuchElementException: no such element: Unable to locate element: {"method":"xpath","selector":"//div/p[text()='OrangeHRM']"}
  (Session info: chrome=118.0.5993.117)
For documentation on this error, please visit: https://www.selenium.dev/documentation/webdriver/troubleshooting/errors#no-such-element-exception
Build info: version: '4.14.0', revision: 'e5a96349ce'
System info: os.name: 'Windows 11', os.arch: 'amd64', os.version: '10.0', java.version: '17.0.6'
Driver info: org.openqa.selenium.chrome.ChromeDriver
Command: [159657e272f5f1056993931c6873847b, findElement {using=xpath, value=//div/p[text()='OrangeHRM']}]
Capabilities {acceptInsecureCerts: false, browserName: chrome, browserVersion: 118.0.5993.117, chrome: {chromedriverVersion: 118.0.5993.70 (e52f33f30b91..., userDataDir: C:\Users\hp\AppData\Local\T...}, fedcm:accounts: true, goog:chromeOptions: {debuggerAddress: localhost:64246}, networkConnectionEnabled: false, pageLoadStrategy: normal, platformName: windows, proxy: Proxy(), se:cdp: ws://localhost:64246/devtoo..., se:cdpVersion: 118.0.5993.117, setWindowRect: true, strictFileInteractability: false, timeouts: {implicit: 0, pageLoad: 300000, script: 30000}, unhandledPromptBehavior: dismiss and notify, webauthn:extension:credBlob: true, webauthn:extension:largeBlob: true, webauthn:extension:minPinLength: true, webauthn:extension:prf: true, webauthn:virtualAuthenticators: true}
Session ID: 159657e272f5f1056993931c6873847b
at org.openqa.selenium.remote.codec.w3c.W3CHttpResponseCodec.createException(W3CHttpResponseCodec.java:200)
at org.openqa.selenium.remote.codec.w3c.W3CHttpResponseCodec.decode(W3CHttpResponseCodec.java:133)
at org.openqa.selenium.remote.codec.w3c.W3CHttpResponseCodec.decode(W3CHttpResponseCodec.java:52)
at org.openqa.selenium.remote.HttpCommandExecutor.execute(HttpCommandExecutor.java:191)
at org.openqa.selenium.remote.service.DriverCommandExecutor.invokeExecute(DriverCommandExecutor.java:196)
at org.openqa.selenium.remote.service.DriverCommandExecutor.execute(DriverCommandExecutor.java:171)
at org.openqa.selenium.remote.RemoteWebDriver.execute(RemoteWebDriver.java:602)
at org.openqa.selenium.remote.ElementLocation$ElementFinder$2.findElement(ElementLocation.java:165)
at org.openqa.selenium.remote.ElementLocation.findElement(ElementLocation.java:59)
at org.openqa.selenium.remote.RemoteWebDriver.findElement(RemoteWebDriver.java:359)
at org.openqa.selenium.remote.RemoteWebDriver.findElement(RemoteWebDriver.java:353)
at org.openqa.selenium.support.pagefactory.DefaultElementLocator.findElement(DefaultElementLocator.java:68)
at org.openqa.selenium.support.pagefactory.internal.LocatingElementHandler.invoke(LocatingElementHandler.java:38)
at jdk.proxy2/jdk.proxy2.$Proxy12.isDisplayed(Unknown Source)
at com.pom.HomePage.SelectProfileTabsForValidateAbout(HomePage.java:268)
at com.Tests.HomePageTests.ValidateProfileAboutFuctionality(HomePageTests.java:255)
at java.base/java.util.ArrayList.forEach(ArrayList.java:1511)
... Removed 32 stack frames]]>
    </failure>
  </testcase> <!-- ValidateProfileAboutFuctionality -->
  <testcase classname="com.Tests.HomePageTests" name="ValidateDashboard_Module" time="0.0">
    <ignored/>
  </testcase> <!-- ValidateDashboard_Module -->
  <testcase classname="com.Tests.HomePageTests" name="ValidateBuzz_Module" time="0.0">
    <ignored/>
  </testcase> <!-- ValidateBuzz_Module -->
  <testcase classname="com.Tests.HomePageTests" name="ValidateProfileChangePasswordFuctionality" time="0.0">
    <ignored/>
  </testcase> <!-- ValidateProfileChangePasswordFuctionality -->
  <testcase classname="com.Tests.HomePageTests" name="ValidateTime_Module" time="0.0">
    <ignored/>
  </testcase> <!-- ValidateTime_Module -->
  <testcase classname="com.Tests.HomePageTests" name="ValidateSearchFunctionality" time="0.0">
    <ignored/>
  </testcase> <!-- ValidateSearchFunctionality -->
  <testcase classname="com.Tests.HomePageTests" name="ValidateAdmin_Module" time="0.0">
    <ignored/>
  </testcase> <!-- ValidateAdmin_Module -->
  <testcase classname="com.Tests.HomePageTests" name="ValidateProfileLogoutFuctionality" time="0.0">
    <ignored/>
  </testcase> <!-- ValidateProfileLogoutFuctionality -->
  <testcase classname="com.Tests.HomePageTests" name="ValidateLeave_Module" time="0.0">
    <ignored/>
  </testcase> <!-- ValidateLeave_Module -->
  <testcase classname="com.Tests.HomePageTests" name="ValidateDirectory_Module" time="0.0">
    <ignored/>
  </testcase> <!-- ValidateDirectory_Module -->
  <testcase classname="com.Tests.HomePageTests" name="ValidatePerformance_Module" time="0.0">
    <ignored/>
  </testcase> <!-- ValidatePerformance_Module -->
  <testcase classname="com.Tests.HomePageTests" name="ValidateLogo" time="0.0">
    <ignored/>
  </testcase> <!-- ValidateLogo -->
  <testcase classname="com.Tests.HomePageTests" name="ValidateProfileSupportFuctionality" time="0.0">
    <ignored/>
  </testcase> <!-- ValidateProfileSupportFuctionality -->
  <testcase classname="com.Tests.HomePageTests" name="ValidateMyInfo_Module" time="0.0">
    <ignored/>
  </testcase> <!-- ValidateMyInfo_Module -->
  <testcase classname="com.Tests.HomePageTests" name="ValidateLeftArrow" time="0.0">
    <ignored/>
  </testcase> <!-- ValidateLeftArrow -->
  <testcase classname="com.Tests.HomePageTests" name="ValidateHelpLinkFunctionality" time="0.0">
    <ignored/>
  </testcase> <!-- ValidateHelpLinkFunctionality -->
  <testcase classname="com.Tests.HomePageTests" name="ValidateProfileTab" time="0.0">
    <ignored/>
  </testcase> <!-- ValidateProfileTab -->
  <testcase classname="com.Tests.HomePageTests" name="ValidatePIM_Module" time="0.0">
    <ignored/>
  </testcase> <!-- ValidatePIM_Module -->
  <testcase classname="com.Tests.HomePageTests" name="ValidateMaintenance_Module" time="0.0">
    <ignored/>
  </testcase> <!-- ValidateMaintenance_Module -->
  <testcase classname="com.Tests.HomePageTests" name="ValidateRecruitment_Module" time="0.0">
    <ignored/>
  </testcase> <!-- ValidateRecruitment_Module -->
  <testcase classname="com.Tests.HomePageTests" name="ValidateClaim_Module" time="0.0">
    <ignored/>
  </testcase> <!-- ValidateClaim_Module -->
</testsuite> <!-- Default test(failed) -->
