<?xml version="1.0" encoding="UTF-8"?>
<!-- Generated by org.testng.reporters.JUnitXMLReporter -->
<testsuite ignored="0" hostname="LAPTOP-8GD78RI5" failures="1" tests="24" name="TwoClasses" time="466.759" errors="0" timestamp="2023-10-26T16:22:28 IST">
  <testcase classname="com.Tests.ForgotPasswordPageTests" name="ValidateCancelButton" time="1.521"/>
  <testcase classname="com.Tests.ForgotPasswordPageTests" name="ValidateForgotPasswordURL" time="0.024"/>
  <testcase classname="com.Tests.ForgotPasswordPageTests" name="ValidateResetPasswordButton" time="0.446"/>
  <testcase classname="com.Tests.ForgotPasswordPageTests" name="ValidateResetPasswordWithBlankCredential" time="0.662"/>
  <testcase classname="com.Tests.ForgotPasswordPageTests" name="ValidateResetPasswordWithInvalidCharacterCredential" time="1.827"/>
  <testcase classname="com.Tests.ForgotPasswordPageTests" name="ValidateResetPasswordWithInvalidCredential" time="2.359"/>
  <testcase classname="com.Tests.ForgotPasswordPageTests" name="ValidateResetPasswordWithValidEmail" time="15.174">
    <failure type="org.openqa.selenium.NoSuchElementException" message="no such element: Unable to locate element: {&amp;quot;method&amp;quot;:&amp;quot;xpath&amp;quot;,&amp;quot;selector&amp;quot;:&amp;quot;//button[@type=&amp;apos;submit&amp;apos;][text()=&amp;apos; Reset Password &amp;apos;]&amp;quot;}
  (Session info: chrome=118.0.5993.117)
For documentation on this error, please visit: https://www.selenium.dev/documentation/webdriver/troubleshooting/errors#no-such-element-exception
Build info: version: &amp;apos;4.14.0&amp;apos;, revision: &amp;apos;e5a96349ce&amp;apos;
System info: os.name: &amp;apos;Windows 11&amp;apos;, os.arch: &amp;apos;amd64&amp;apos;, os.version: &amp;apos;10.0&amp;apos;, java.version: &amp;apos;17.0.6&amp;apos;
Driver info: org.openqa.selenium.chrome.ChromeDriver
Command: [8836471f26c8f3143547ee9de8a3289b, findElement {using=xpath, value=//button[@type=&amp;apos;submit&amp;apos;][text()=&amp;apos; Reset Password &amp;apos;]}]
Capabilities {acceptInsecureCerts: false, browserName: chrome, browserVersion: 118.0.5993.117, chrome: {chromedriverVersion: 118.0.5993.70 (e52f33f30b91..., userDataDir: C:\Users\hp\AppData\Local\T...}, fedcm:accounts: true, goog:chromeOptions: {debuggerAddress: localhost:65367}, networkConnectionEnabled: false, pageLoadStrategy: normal, platformName: windows, proxy: Proxy(), se:cdp: ws://localhost:65367/devtoo..., se:cdpVersion: 118.0.5993.117, setWindowRect: true, strictFileInteractability: false, timeouts: {implicit: 0, pageLoad: 300000, script: 30000}, unhandledPromptBehavior: dismiss and notify, webauthn:extension:credBlob: true, webauthn:extension:largeBlob: true, webauthn:extension:minPinLength: true, webauthn:extension:prf: true, webauthn:virtualAuthenticators: true}
Session ID: 8836471f26c8f3143547ee9de8a3289b">
      <![CDATA[org.openqa.selenium.NoSuchElementException: no such element: Unable to locate element: {"method":"xpath","selector":"//button[@type='submit'][text()=' Reset Password ']"}
  (Session info: chrome=118.0.5993.117)
For documentation on this error, please visit: https://www.selenium.dev/documentation/webdriver/troubleshooting/errors#no-such-element-exception
Build info: version: '4.14.0', revision: 'e5a96349ce'
System info: os.name: 'Windows 11', os.arch: 'amd64', os.version: '10.0', java.version: '17.0.6'
Driver info: org.openqa.selenium.chrome.ChromeDriver
Command: [8836471f26c8f3143547ee9de8a3289b, findElement {using=xpath, value=//button[@type='submit'][text()=' Reset Password ']}]
Capabilities {acceptInsecureCerts: false, browserName: chrome, browserVersion: 118.0.5993.117, chrome: {chromedriverVersion: 118.0.5993.70 (e52f33f30b91..., userDataDir: C:\Users\hp\AppData\Local\T...}, fedcm:accounts: true, goog:chromeOptions: {debuggerAddress: localhost:65367}, networkConnectionEnabled: false, pageLoadStrategy: normal, platformName: windows, proxy: Proxy(), se:cdp: ws://localhost:65367/devtoo..., se:cdpVersion: 118.0.5993.117, setWindowRect: true, strictFileInteractability: false, timeouts: {implicit: 0, pageLoad: 300000, script: 30000}, unhandledPromptBehavior: dismiss and notify, webauthn:extension:credBlob: true, webauthn:extension:largeBlob: true, webauthn:extension:minPinLength: true, webauthn:extension:prf: true, webauthn:virtualAuthenticators: true}
Session ID: 8836471f26c8f3143547ee9de8a3289b
at org.openqa.selenium.remote.codec.w3c.W3CHttpResponseCodec.createException(W3CHttpResponseCodec.java:200)
at org.openqa.selenium.remote.codec.w3c.W3CHttpResponseCodec.decode(W3CHttpResponseCodec.java:133)
at org.openqa.selenium.remote.codec.w3c.W3CHttpResponseCodec.decode(W3CHttpResponseCodec.java:52)
at org.openqa.selenium.remote.HttpCommandExecutor.execute(HttpCommandExecutor.java:191)
at org.openqa.selenium.remote.service.DriverCommandExecutor.invokeExecute(DriverCommandExecutor.java:196)
at org.openqa.selenium.remote.service.DriverCommandExecutor.execute(DriverCommandExecutor.java:171)
at org.openqa.selenium.remote.RemoteWebDriver.execute(RemoteWebDriver.java:602)
at org.openqa.selenium.remote.ElementLocation$ElementFinder$2.findElement(ElementLocation.java:165)
at org.openqa.selenium.remote.ElementLocation.findElement(ElementLocation.java:59)
at org.openqa.selenium.remote.RemoteWebDriver.findElement(RemoteWebDriver.java:359)
at org.openqa.selenium.remote.RemoteWebDriver.findElement(RemoteWebDriver.java:353)
at org.openqa.selenium.support.pagefactory.DefaultElementLocator.findElement(DefaultElementLocator.java:68)
at org.openqa.selenium.support.pagefactory.internal.LocatingElementHandler.invoke(LocatingElementHandler.java:38)
at jdk.proxy2/jdk.proxy2.$Proxy14.isDisplayed(Unknown Source)
at com.pom.ForgotPasswordPage.ClickonResetPasswordButton(ForgotPasswordPage.java:44)
at com.Tests.ForgotPasswordPageTests.ValidateResetPasswordWithValidEmail(ForgotPasswordPageTests.java:78)
at java.base/java.util.ArrayList.forEach(ArrayList.java:1511)
... Removed 32 stack frames]]>
    </failure>
  </testcase> <!-- ValidateResetPasswordWithValidEmail -->
  <testcase classname="com.Tests.LoginTestsExelData" name="LoginCredential" time="2.694"/>
  <testcase classname="com.Tests.LoginTestsExelData" name="LoginCredential" time="2.962"/>
  <testcase classname="com.Tests.LoginTestsExelData" name="LoginCredential" time="2.626"/>
  <testcase classname="com.Tests.LoginTestsExelData" name="LoginWithSingleExelCredential" time="8.399"/>
  <testcase classname="com.Tests.LoginTests" name="LoginWithBlanckCredential" time="1.347"/>
  <testcase classname="com.Tests.LoginTests" name="LoginWithBlanckUsername" time="8.301"/>
  <testcase classname="com.Tests.LoginTests" name="LoginWithBlankPassword" time="0.892"/>
  <testcase classname="com.Tests.LoginTests" name="LoginWithInvalidCharacterCredentials" time="2.876"/>
  <testcase classname="com.Tests.LoginTests" name="LoginWithInvalidCredentials" time="2.204"/>
  <testcase classname="com.Tests.LoginTests" name="LoginWithInvalidUsernameValidPassword" time="2.154"/>
  <testcase classname="com.Tests.LoginTests" name="LoginWithValidCredential" time="2.299"/>
  <testcase classname="com.Tests.LoginTests" name="LoginWithValidUsernameInvalidPassword" time="3.32"/>
  <testcase classname="com.Tests.LoginTests" name="ValidateForgotpasswordLink" time="1.892"/>
  <testcase classname="com.Tests.LoginTests" name="ValidateLogo" time="1.811"/>
  <testcase classname="com.Tests.LoginTests" name="ValidateLogoBanner" time="1.514"/>
  <testcase classname="com.Tests.LoginTests" name="ValidateTitle" time="0.01"/>
  <testcase classname="com.Tests.LoginTests" name="ValidateURL" time="0.013"/>
</testsuite> <!-- TwoClasses -->
