<?xml version="1.0" encoding="UTF-8"?>
<!-- Generated by org.testng.reporters.JUnitXMLReporter -->
<testsuite ignored="0" hostname="LAPTOP-8GD78RI5" failures="2" tests="51" name="XmlFile" time="691.624" errors="0" timestamp="2023-10-26T20:10:01 IST">
  <testcase classname="com.Tests.ForgotPasswordPageTests" name="ValidateCancelButton" time="0.891"/>
  <testcase classname="com.Tests.ForgotPasswordPageTests" name="ValidateForgotPasswordURL" time="0.016"/>
  <testcase classname="com.Tests.ForgotPasswordPageTests" name="ValidateResetPasswordButton" time="0.415"/>
  <testcase classname="com.Tests.ForgotPasswordPageTests" name="ValidateResetPasswordWithBlankCredential" time="0.741"/>
  <testcase classname="com.Tests.ForgotPasswordPageTests" name="ValidateResetPasswordWithInvalidCharacterCredential" time="1.739"/>
  <testcase classname="com.Tests.ForgotPasswordPageTests" name="ValidateResetPasswordWithInvalidCredential" time="2.049"/>
  <testcase classname="com.Tests.ForgotPasswordPageTests" name="ValidateResetPasswordWithValidEmail" time="1.862"/>
  <testcase classname="com.Tests.LoginTestsExelData" name="LoginCredential" time="1.956"/>
  <testcase classname="com.Tests.LoginTestsExelData" name="LoginCredential" time="2.019"/>
  <testcase classname="com.Tests.LoginTestsExelData" name="LoginCredential" time="2.016"/>
  <testcase classname="com.Tests.LoginTestsExelData" name="LoginWithSingleExelCredential" time="8.026"/>
  <testcase classname="com.Tests.LoginTests" name="LoginWithBlanckCredential" time="1.493"/>
  <testcase classname="com.Tests.LoginTests" name="LoginWithBlanckUsername" time="1.109"/>
  <testcase classname="com.Tests.LoginTests" name="LoginWithBlankPassword" time="1.204"/>
  <testcase classname="com.Tests.LoginTests" name="LoginWithInvalidCharacterCredentials" time="2.371"/>
  <testcase classname="com.Tests.LoginTests" name="LoginWithInvalidCredentials" time="2.684"/>
  <testcase classname="com.Tests.LoginTests" name="LoginWithInvalidUsernameValidPassword" time="3.106"/>
  <testcase classname="com.Tests.LoginTests" name="LoginWithValidCredential" time="2.612"/>
  <testcase classname="com.Tests.LoginTests" name="LoginWithValidUsernameInvalidPassword" time="2.532"/>
  <testcase classname="com.Tests.LoginTests" name="ValidateCopyRightText" time="0.672"/>
  <testcase classname="com.Tests.LoginTests" name="ValidateFacebookLinkIcon" time="2.937"/>
  <testcase classname="com.Tests.LoginTests" name="ValidateForgotpasswordLink" time="1.909"/>
  <testcase classname="com.Tests.LoginTests" name="ValidateLinkdnLinkIcon" time="2.955"/>
  <testcase classname="com.Tests.LoginTests" name="ValidateLogo" time="1.524"/>
  <testcase classname="com.Tests.LoginTests" name="ValidateLogoBanner" time="1.511"/>
  <testcase classname="com.Tests.LoginTests" name="ValidateTitle" time="0.01"/>
  <testcase classname="com.Tests.LoginTests" name="ValidateTwitterLinkIcon" time="3.112">
    <failure type="java.lang.AssertionError" message="The following asserts failed:
	expected [null] but found [https://twitter.com/orangehrm?lang=en]">
      <![CDATA[java.lang.AssertionError: The following asserts failed:
expected [null] but found [https://twitter.com/orangehrm?lang=en]
at com.Tests.LoginTests.ValidateTwitterLinkIcon(LoginTests.java:277)
at java.base/java.util.ArrayList.forEach(ArrayList.java:1511)
... Removed 29 stack frames]]>
    </failure>
  </testcase> <!-- ValidateTwitterLinkIcon -->
  <testcase classname="com.Tests.LoginTests" name="ValidateURL" time="0.011"/>
  <testcase classname="com.Tests.LoginTests" name="ValidateWebApplicationVersionText" time="0.716"/>
  <testcase classname="com.Tests.LoginTests" name="ValidateYouTubeLinkIcon" time="3.898">
    <failure type="java.lang.AssertionError" message="The following asserts failed:
	expected [null] but found [https://twitter.com/orangehrm?lang=en]">
      <![CDATA[java.lang.AssertionError: The following asserts failed:
expected [null] but found [https://twitter.com/orangehrm?lang=en]
at com.Tests.LoginTests.ValidateYouTubeLinkIcon(LoginTests.java:292)
at java.base/java.util.ArrayList.forEach(ArrayList.java:1511)
... Removed 29 stack frames]]>
    </failure>
  </testcase> <!-- ValidateYouTubeLinkIcon -->
  <testcase classname="com.Tests.HomePageTests" name="ValidateAdmin_Module" time="1.892"/>
  <testcase classname="com.Tests.HomePageTests" name="ValidateBuzz_Module" time="2.585"/>
  <testcase classname="com.Tests.HomePageTests" name="ValidateClaim_Module" time="1.645"/>
  <testcase classname="com.Tests.HomePageTests" name="ValidateDashboard_Module" time="2.717"/>
  <testcase classname="com.Tests.HomePageTests" name="ValidateDirectory_Module" time="2.762"/>
  <testcase classname="com.Tests.HomePageTests" name="ValidateHelpLinkFunctionality" time="4.256"/>
  <testcase classname="com.Tests.HomePageTests" name="ValidateLeave_Module" time="3.266"/>
  <testcase classname="com.Tests.HomePageTests" name="ValidateLeftArrow" time="1.774"/>
  <testcase classname="com.Tests.HomePageTests" name="ValidateLogo" time="1.78"/>
  <testcase classname="com.Tests.HomePageTests" name="ValidateMaintenance_Module" time="1.461"/>
  <testcase classname="com.Tests.HomePageTests" name="ValidateMyInfo_Module" time="3.242"/>
  <testcase classname="com.Tests.HomePageTests" name="ValidatePIM_Module" time="3.152"/>
  <testcase classname="com.Tests.HomePageTests" name="ValidatePerformance_Module" time="3.521"/>
  <testcase classname="com.Tests.HomePageTests" name="ValidateProfileAboutFuctionality" time="3.218"/>
  <testcase classname="com.Tests.HomePageTests" name="ValidateProfileChangePasswordFuctionality" time="3.101"/>
  <testcase classname="com.Tests.HomePageTests" name="ValidateProfileLogoutFuctionality" time="2.408"/>
  <testcase classname="com.Tests.HomePageTests" name="ValidateProfileSupportFuctionality" time="3.362"/>
  <testcase classname="com.Tests.HomePageTests" name="ValidateProfileTab" time="0.659"/>
  <testcase classname="com.Tests.HomePageTests" name="ValidateRecruitment_Module" time="2.889"/>
  <testcase classname="com.Tests.HomePageTests" name="ValidateSearchFunctionality" time="0.66"/>
  <testcase classname="com.Tests.HomePageTests" name="ValidateTime_Module" time="3.059"/>
</testsuite> <!-- XmlFile -->
